Compiling C:\Users\User\Desktop\Stage\Project Final\With Custom Scheduler\src\simple_scheduler on 11-Aug-25 at 13:41
>>> Warning 203 "C:\Users\User\Desktop\Stage\Project Final\With Custom Scheduler\src\simple_scheduler.c" Line 38(1,1): Condition always TRUE
C:\Users\User\Desktop\Stage\Project Final\With Custom Scheduler\src\simple_scheduler.o ===>  0 Errors,  1 Warnings.
Build Successful.
Compiling C:\Users\User\Desktop\Stage\Project Final\With Custom Scheduler\src\main on 11-Aug-25 at 13:41
C:\Users\User\Desktop\Stage\Project Final\With Custom Scheduler\src\main.o ===>  0 Errors,  0 Warnings.
Build Successful.
Compiling C:\Users\User\Desktop\Stage\Project Final\With Custom Scheduler\src\Utilities\sprites on 11-Aug-25 at 13:41
C:\Users\User\Desktop\Stage\Project Final\With Custom Scheduler\src\Utilities\sprites.o ===>  0 Errors,  0 Warnings.
Build Successful.
Compiling C:\Users\User\Desktop\Stage\Project Final\With Custom Scheduler\src\Utilities\entities on 11-Aug-25 at 13:41
C:\Users\User\Desktop\Stage\Project Final\With Custom Scheduler\src\Utilities\entities.o ===>  0 Errors,  0 Warnings.
Build Successful.
Compiling C:\Users\User\Desktop\Stage\Project Final\With Custom Scheduler\src\API\memory on 11-Aug-25 at 13:41
C:\Users\User\Desktop\Stage\Project Final\With Custom Scheduler\src\API\memory.o ===>  0 Errors,  0 Warnings.
Build Successful.
Compiling C:\Users\User\Desktop\Stage\Project Final\With Custom Scheduler\src\API\display on 11-Aug-25 at 13:41
>>> Warning 205 "C:\Users\User\Desktop\Stage\Project Final\With Custom Scheduler\src\API\display.c" Line 40(1,1): Unsigned variable is never less than zero
>>> Warning 205 "C:\Users\User\Desktop\Stage\Project Final\With Custom Scheduler\src\API\display.c" Line 51(1,1): Unsigned variable is never less than zero
>>> Warning 205 "C:\Users\User\Desktop\Stage\Project Final\With Custom Scheduler\src\API\display.c" Line 178(1,1): Unsigned variable is never less than zero
>>> Warning 204 "C:\Users\User\Desktop\Stage\Project Final\With Custom Scheduler\src\API\display.c" Line 178(1,1): Condition always FALSE
C:\Users\User\Desktop\Stage\Project Final\With Custom Scheduler\src\API\display.o ===>  0 Errors,  4 Warnings.
Build Successful.
Compiling C:\Users\User\Desktop\Stage\Project Final\With Custom Scheduler\src\API\controller on 11-Aug-25 at 13:41
>>> Warning 205 "C:\Users\User\Desktop\Stage\Project Final\With Custom Scheduler\src\API\controller.c" Line 51(1,1): Unsigned variable is never less than zero
>>> Warning 204 "C:\Users\User\Desktop\Stage\Project Final\With Custom Scheduler\src\API\controller.c" Line 51(1,1): Condition always FALSE
>>> Warning 205 "C:\Users\User\Desktop\Stage\Project Final\With Custom Scheduler\src\API\controller.c" Line 56(1,1): Unsigned variable is never less than zero
>>> Warning 204 "C:\Users\User\Desktop\Stage\Project Final\With Custom Scheduler\src\API\controller.c" Line 56(1,1): Condition always FALSE
C:\Users\User\Desktop\Stage\Project Final\With Custom Scheduler\src\API\controller.o ===>  0 Errors,  4 Warnings.
Build Successful.
Compiling C:\Users\User\Desktop\Stage\Project Final\With Custom Scheduler\src\Drivers\sh1106 on 11-Aug-25 at 13:41
>>> Warning 205 "C:\Users\User\Desktop\Stage\Project Final\With Custom Scheduler\src\Drivers\sh1106.c" Line 62(1,1): Unsigned variable is never less than zero
>>> Warning 205 "C:\Users\User\Desktop\Stage\Project Final\With Custom Scheduler\src\Drivers\sh1106.c" Line 62(1,1): Unsigned variable is never less than zero
C:\Users\User\Desktop\Stage\Project Final\With Custom Scheduler\src\Drivers\sh1106.o ===>  0 Errors,  2 Warnings.
Build Successful.
Compiling C:\Users\User\Desktop\Stage\Project Final\With Custom Scheduler\src\Drivers\joystick on 11-Aug-25 at 13:41
>>> Warning 202 "C:\Users\User\Desktop\Stage\Project Final\With Custom Scheduler\src\Drivers\joystick.h" Line 6(16,17): Variable never used:   x
>>> Warning 202 "C:\Users\User\Desktop\Stage\Project Final\With Custom Scheduler\src\Drivers\joystick.h" Line 7(16,17): Variable never used:   y
>>> Warning 202 "C:\Users\User\Desktop\Stage\Project Final\With Custom Scheduler\src\Drivers\joystick.h" Line 8(6,8): Variable never used:   sw
C:\Users\User\Desktop\Stage\Project Final\With Custom Scheduler\src\Drivers\joystick.o ===>  0 Errors,  3 Warnings.
Build Successful.
Compiling C:\Users\User\Desktop\Stage\Project Final\With Custom Scheduler\src\Drivers\eeprom_24LC512 on 11-Aug-25 at 13:41
C:\Users\User\Desktop\Stage\Project Final\With Custom Scheduler\src\Drivers\eeprom_24LC512.o ===>  0 Errors,  0 Warnings.
Build Successful.
Linking to main.hex on 11-Aug-25 at 13:41
      Memory usage:   ROM=9%      RAM=31% - 33%
      0 Errors,  0 Warnings.
Build Successful.
