Compiling C:\Users\User\Desktop\Stage\Project Final\With Custom Scheduler\src\simple_scheduler on 12-Aug-25 at 16:28
>>> Warning 203 "C:\Users\User\Desktop\Stage\Project Final\With Custom Scheduler\src\simple_scheduler.c" Line 42(1,1): Condition always TRUE
C:\Users\User\Desktop\Stage\Project Final\With Custom Scheduler\src\simple_scheduler.o ===>  0 Errors,  1 Warnings.
Build Successful.
Compiling C:\Users\User\Desktop\Stage\Project Final\With Custom Scheduler\src\main on 12-Aug-25 at 16:28
C:\Users\User\Desktop\Stage\Project Final\With Custom Scheduler\src\main.o ===>  0 Errors,  0 Warnings.
Build Successful.
Compiling C:\Users\User\Desktop\Stage\Project Final\With Custom Scheduler\src\Utilities\sprites on 12-Aug-25 at 16:28
C:\Users\User\Desktop\Stage\Project Final\With Custom Scheduler\src\Utilities\sprites.o ===>  0 Errors,  0 Warnings.
Build Successful.
Compiling C:\Users\User\Desktop\Stage\Project Final\With Custom Scheduler\src\Utilities\entities on 12-Aug-25 at 16:28
C:\Users\User\Desktop\Stage\Project Final\With Custom Scheduler\src\Utilities\entities.o ===>  0 Errors,  0 Warnings.
Build Successful.
Compiling C:\Users\User\Desktop\Stage\Project Final\With Custom Scheduler\src\API\memory on 12-Aug-25 at 16:28
C:\Users\User\Desktop\Stage\Project Final\With Custom Scheduler\src\API\memory.o ===>  0 Errors,  0 Warnings.
Build Successful.
Compiling C:\Users\User\Desktop\Stage\Project Final\With Custom Scheduler\src\API\display on 12-Aug-25 at 16:28
>>> Warning 205 "C:\Users\User\Desktop\Stage\Project Final\With Custom Scheduler\src\API\display.c" Line 40(1,1): Unsigned variable is never less than zero
>>> Warning 205 "C:\Users\User\Desktop\Stage\Project Final\With Custom Scheduler\src\API\display.c" Line 52(1,1): Unsigned variable is never less than zero
>>> Warning 205 "C:\Users\User\Desktop\Stage\Project Final\With Custom Scheduler\src\API\display.c" Line 170(1,1): Unsigned variable is never less than zero
>>> Warning 204 "C:\Users\User\Desktop\Stage\Project Final\With Custom Scheduler\src\API\display.c" Line 170(1,1): Condition always FALSE
C:\Users\User\Desktop\Stage\Project Final\With Custom Scheduler\src\API\display.o ===>  0 Errors,  4 Warnings.
Build Successful.
Compiling C:\Users\User\Desktop\Stage\Project Final\With Custom Scheduler\src\API\controller on 12-Aug-25 at 16:28
>>> Warning 205 "C:\Users\User\Desktop\Stage\Project Final\With Custom Scheduler\src\API\controller.c" Line 58(1,1): Unsigned variable is never less than zero
>>> Warning 204 "C:\Users\User\Desktop\Stage\Project Final\With Custom Scheduler\src\API\controller.c" Line 58(1,1): Condition always FALSE
C:\Users\User\Desktop\Stage\Project Final\With Custom Scheduler\src\API\controller.o ===>  0 Errors,  2 Warnings.
Build Successful.
Compiling C:\Users\User\Desktop\Stage\Project Final\With Custom Scheduler\src\Drivers\sh1106 on 12-Aug-25 at 16:28
>>> Warning 205 "C:\Users\User\Desktop\Stage\Project Final\With Custom Scheduler\src\Drivers\sh1106.c" Line 73(1,1): Unsigned variable is never less than zero
>>> Warning 205 "C:\Users\User\Desktop\Stage\Project Final\With Custom Scheduler\src\Drivers\sh1106.c" Line 73(1,1): Unsigned variable is never less than zero
C:\Users\User\Desktop\Stage\Project Final\With Custom Scheduler\src\Drivers\sh1106.o ===>  0 Errors,  2 Warnings.
Build Successful.
Compiling C:\Users\User\Desktop\Stage\Project Final\With Custom Scheduler\src\Drivers\joystick on 12-Aug-25 at 16:28
C:\Users\User\Desktop\Stage\Project Final\With Custom Scheduler\src\Drivers\joystick.o ===>  0 Errors,  0 Warnings.
Build Successful.
Compiling C:\Users\User\Desktop\Stage\Project Final\With Custom Scheduler\src\Drivers\eeprom_24LC512 on 12-Aug-25 at 16:28
C:\Users\User\Desktop\Stage\Project Final\With Custom Scheduler\src\Drivers\eeprom_24LC512.o ===>  0 Errors,  0 Warnings.
Build Successful.
Linking to main.hex on 12-Aug-25 at 16:28
      Memory usage:   ROM=9%      RAM=31% - 33%
      0 Errors,  0 Warnings.
Build Successful.
